
> my-project@0.1.0 build
> next build

▲ Next.js 16.2.0 (Turbopack)

  Creating an optimized production build ...
Error: Cannot apply unknown utility class `border-border`
    [2m[at onInvalidCandidate (/workspaces/el-space-landing-page/node_modules/.pnpm/tailwindcss@4.2.2/node_modules/tailwindcss/dist/lib.js:21:1511)][0m
    [2m[at Ee (/workspaces/el-space-landing-page/node_modules/.pnpm/tailwindcss@4.2.2/node_modules/tailwindcss/dist/lib.js:16:37066)][0m
    [2m[at /workspaces/el-space-landing-page/node_modules/.pnpm/tailwindcss@4.2.2/node_modules/tailwindcss/dist/lib.js:21:355][0m
    [2m[at _r (/workspaces/el-space-landing-page/node_modules/.pnpm/tailwindcss@4.2.2/node_modules/tailwindcss/dist/lib.js:3:1733)][0m
    [2m[at I (/workspaces/el-space-landing-page/node_modules/.pnpm/tailwindcss@4.2.2/node_modules/tailwindcss/dist/lib.js:3:1377)][0m
    [2m[at Te (/workspaces/el-space-landing-page/node_modules/.pnpm/tailwindcss@4.2.2/node_modules/tailwindcss/dist/lib.js:21:172)][0m
    [2m[at mn (/workspaces/el-space-landing-page/node_modules/.pnpm/tailwindcss@4.2.2/node_modules/tailwindcss/dist/lib.js:38:294)][0m
    [2m[at async gn (/workspaces/el-space-landing-page/node_modules/.pnpm/tailwindcss@4.2.2/node_modules/tailwindcss/dist/lib.js:38:631)][0m
    [2m[at async Xr (/workspaces/el-space-landing-page/node_modules/.pnpm/@tailwindcss+node@4.2.2/node_modules/@tailwindcss/node/dist/index.js:10:3416)][0m
    [2m[at async N (/workspaces/el-space-landing-page/node_modules/.pnpm/@tailwindcss+postcss@4.2.2/node_modules/@tailwindcss/postcss/dist/index.js:10:3979)][0m

> Build error occurred
Error: Turbopack build failed with 1 errors:
./app/globals.css
Error evaluating Node.js code
CssSyntaxError: tailwindcss: /workspaces/el-space-landing-page/app/globals.css:1:1: Cannot apply unknown utility class `border-border`
    at Input.error (node_modules/.pnpm/postcss@8.5.9/node_modules/postcss/lib/input.js:135:16) [/workspaces/el-space-landing-page/.next/build/chunks/node_modules__pnpm_0v5-85-._.js:4652:22]
    at error (node_modules/.pnpm/postcss@8.5.9/node_modules/postcss/lib/node.js:146:32) [/workspaces/el-space-landing-page/.next/build/chunks/node_modules__pnpm_0v5-85-._.js:928:38]
    [at Object.Once (/workspaces/el-space-landing-page/node_modules/.pnpm/@tailwindcss+postcss@4.2.2/node_modules/@tailwindcss/postcss/dist/index.js:10:6913)]
    at async LazyResult.runAsync (node_modules/.pnpm/postcss@8.5.9/node_modules/postcss/lib/lazy-result.js:293:11) [/workspaces/el-space-landing-page/.next/build/chunks/node_modules__pnpm_0v5-85-._.js:6215:21]
    at async transform (turbopack:///[turbopack-node]/transforms/postcss.ts:70:34) [/workspaces/el-space-landing-page/.next/build/chunks/[root-of-the-server]__0d-m0h0._.js:146:36]
    at async run (turbopack:///[turbopack-node]/child_process/evaluate.ts:89:23) [/workspaces/el-space-landing-page/.next/build/chunks/[root-of-the-server]__0ubbtyl._.js:443:31]

Import trace:
  Client Component Browser:
    ./app/globals.css [Client Component Browser]
    ./app/layout.tsx [Server Component]


    at async transform (turbopack:///[turbopack-node]/transforms/postcss.ts:70:34) [/workspaces/el-space-landing-page/.next/build/chunks/[root-of-the-server]__0d-m0h0._.js:146:36])
    at async run (turbopack:///[turbopack-node]/child_process/evaluate.ts:89:23) [/workspaces/el-space-landing-page/.next/build/chunks/[root-of-the-server]__0ubbtyl._.js:443:31])
